[debug] [2020-07-04T05:40:40.499Z] ----------------------------------------------------------------------
[debug] [2020-07-04T05:40:40.501Z] Command:       /usr/local/bin/node /Users/lap12865/.npm-global/bin/firebase deploy
[debug] [2020-07-04T05:40:40.501Z] CLI Version:   8.4.3
[debug] [2020-07-04T05:40:40.503Z] Platform:      darwin
[debug] [2020-07-04T05:40:40.503Z] Node Version:  v12.16.3
[debug] [2020-07-04T05:40:40.504Z] Time:          Sat Jul 04 2020 12:40:40 GMT+0700 (Indochina Time)
[debug] [2020-07-04T05:40:40.504Z] ----------------------------------------------------------------------
[debug] [2020-07-04T05:40:40.504Z] 
[debug] [2020-07-04T05:40:40.513Z] > command requires scopes: ["email","openid","https://www.googleapis.com/auth/cloudplatformprojects.readonly","https://www.googleapis.com/auth/firebase","https://www.googleapis.com/auth/cloud-platform"]
[debug] [2020-07-04T05:40:40.514Z] > authorizing via signed-in user
[debug] [2020-07-04T05:40:40.514Z] [iam] checking project portfolio-cayghe for permissions ["firebase.projects.get","firebasehosting.sites.update"]
[debug] [2020-07-04T05:40:40.516Z] >>> HTTP REQUEST POST https://cloudresourcemanager.googleapis.com/v1/projects/portfolio-cayghe:testIamPermissions  
 {"permissions":["firebase.projects.get","firebasehosting.sites.update"]}
[debug] [2020-07-04T05:40:41.574Z] <<< HTTP RESPONSE 200 {"content-type":"application/json; charset=UTF-8","vary":"X-Origin, Referer, Origin,Accept-Encoding","date":"Sat, 04 Jul 2020 05:40:41 GMT","server":"ESF","cache-control":"private","x-xss-protection":"0","x-frame-options":"SAMEORIGIN","x-content-type-options":"nosniff","server-timing":"gfet4t7; dur=823","alt-svc":"h3-29=\":443\"; ma=2592000,h3-27=\":443\"; ma=2592000,h3-25=\":443\"; ma=2592000,h3-T050=\":443\"; ma=2592000,h3-Q050=\":443\"; ma=2592000,h3-Q046=\":443\"; ma=2592000,h3-Q043=\":443\"; ma=2592000,quic=\":443\"; ma=2592000; v=\"46,43\"","accept-ranges":"none","transfer-encoding":"chunked"}
[debug] [2020-07-04T05:40:41.575Z] >>> HTTP REQUEST GET https://firebase.googleapis.com/v1beta1/projects/portfolio-cayghe  
 
[debug] [2020-07-04T05:40:42.084Z] <<< HTTP RESPONSE 200 {"content-type":"application/json; charset=UTF-8","vary":"X-Origin, Referer, Origin,Accept-Encoding","date":"Sat, 04 Jul 2020 05:40:41 GMT","server":"ESF","cache-control":"private","x-xss-protection":"0","x-frame-options":"SAMEORIGIN","x-content-type-options":"nosniff","alt-svc":"h3-29=\":443\"; ma=2592000,h3-27=\":443\"; ma=2592000,h3-25=\":443\"; ma=2592000,h3-T050=\":443\"; ma=2592000,h3-Q050=\":443\"; ma=2592000,h3-Q046=\":443\"; ma=2592000,h3-Q043=\":443\"; ma=2592000,quic=\":443\"; ma=2592000; v=\"46,43\"","accept-ranges":"none","transfer-encoding":"chunked"}
[info] 
[info] === Deploying to 'portfolio-cayghe'...
[info] 
[info] i  deploying hosting 
[debug] [2020-07-04T05:40:42.087Z] >>> HTTP REQUEST POST https://firebasehosting.googleapis.com/v1beta1/sites/portfolio-cayghe/versions  
 {"config":{"rewrites":[{"glob":"**","path":"/index.html"}]},"labels":{"deployment-tool":"cli-firebase"}}
[debug] [2020-07-04T05:40:43.597Z] <<< HTTP RESPONSE 200 {"content-type":"application/json; charset=UTF-8","vary":"X-Origin, Referer, Origin,Accept-Encoding","date":"Sat, 04 Jul 2020 05:40:43 GMT","server":"ESF","cache-control":"private","x-xss-protection":"0","x-frame-options":"SAMEORIGIN","x-content-type-options":"nosniff","alt-svc":"h3-29=\":443\"; ma=2592000,h3-27=\":443\"; ma=2592000,h3-25=\":443\"; ma=2592000,h3-T050=\":443\"; ma=2592000,h3-Q050=\":443\"; ma=2592000,h3-Q046=\":443\"; ma=2592000,h3-Q043=\":443\"; ma=2592000,quic=\":443\"; ma=2592000; v=\"46,43\"","accept-ranges":"none","transfer-encoding":"chunked"}
[info] i  hosting[portfolio-cayghe]: beginning deploy... 
[info] i  hosting[portfolio-cayghe]: found 70 files in build 
[debug] [2020-07-04T05:40:44.302Z] [hosting] hash cache [YnVpbGQ] stored for 70 files
[debug] [2020-07-04T05:40:44.303Z] [hosting][hash queue][FINAL] {"max":608,"min":62,"avg":160.87142857142854,"active":0,"complete":70,"success":70,"errored":0,"retried":0,"total":70,"elapsed":687}
[debug] [2020-07-04T05:40:44.303Z] >>> HTTP REQUEST POST https://firebasehosting.googleapis.com/v1beta1/sites/portfolio-cayghe/versions/50188cfe22be86bb:populateFiles  
 <request body omitted>
[debug] [2020-07-04T05:40:44.964Z] <<< HTTP RESPONSE 200 {"content-type":"application/json; charset=UTF-8","vary":"X-Origin, Referer, Origin,Accept-Encoding","date":"Sat, 04 Jul 2020 05:40:44 GMT","server":"ESF","cache-control":"private","x-xss-protection":"0","x-frame-options":"SAMEORIGIN","x-content-type-options":"nosniff","alt-svc":"h3-29=\":443\"; ma=2592000,h3-27=\":443\"; ma=2592000,h3-25=\":443\"; ma=2592000,h3-T050=\":443\"; ma=2592000,h3-Q050=\":443\"; ma=2592000,h3-Q046=\":443\"; ma=2592000,h3-Q043=\":443\"; ma=2592000,quic=\":443\"; ma=2592000; v=\"46,43\"","accept-ranges":"none","transfer-encoding":"chunked"}
[debug] [2020-07-04T05:40:44.967Z] [hosting][populate queue][FINAL] {"max":670,"min":670,"avg":670,"active":0,"complete":1,"success":1,"errored":0,"retried":0,"total":1,"elapsed":672}
[debug] [2020-07-04T05:40:44.967Z] [hosting] uploads queued: 6
